Building DAG of jobs...
Using shell: /bin/bash
Provided cores: 2
Rules claiming more threads will be scaled down.
Conda environments: ignored
Job stats:
job                        count
-----------------------  -------
distanceMatrixFormation        1
total                          1

Select jobs to execute...

[Thu Dec  7 15:49:59 2023]
rule distanceMatrixFormation:
    output: res/1distanceMatrixFormation.done
    jobid: 0
    reason: Missing output files: res/1distanceMatrixFormation.done
    resources: tmpdir=/var/folders/qx/45c8cdmd6rx_np70td6hmvhr0000gn/T

[Thu Dec  7 15:49:59 2023]
Error in rule distanceMatrixFormation:
    jobid: 0
    output: res/1distanceMatrixFormation.done
    shell:
        python workflow/scripts/1distanceMatrixFormation.py C:/Users/User/OneDrive/Desktop/UROPS/test/msa.fasta
        (one of the commands exited with non-zero exit code; note that snakemake uses bash strict mode!)

Shutting down, this might take some time.
Exiting because a job execution failed. Look above for error message
Complete log: .snakemake/log/2023-12-07T154959.759427.snakemake.log
