Config file ../snakemake/config/config.yaml is extended by additional config specified via the command line.
Building DAG of jobs...
Using shell: /bin/bash
Provided cores: 2
Rules claiming more threads will be scaled down.
Conda environments: ignored
Job stats:
job                        count
-----------------------  -------
distanceMatrixFormation        1
total                          1

Select jobs to execute...

[Thu Dec  7 16:06:53 2023]
rule distanceMatrixFormation:
    output: res/1distanceMatrixFormation.done
    jobid: 0
    reason: Missing output files: res/1distanceMatrixFormation.done
    resources: tmpdir=/var/folders/qx/45c8cdmd6rx_np70td6hmvhr0000gn/T

[Thu Dec  7 16:07:22 2023]
Finished job 0.
1 of 1 steps (100%) done
Complete log: .snakemake/log/2023-12-07T160653.848033.snakemake.log
