Config file ../snakemake/config/config.yaml is extended by additional config specified via the command line.
Building DAG of jobs...
Using shell: /bin/bash
Provided cores: 2
Rules claiming more threads will be scaled down.
Conda environments: ignored
Job stats:
job           count
----------  -------
MDScluster        1
total             1

Select jobs to execute...

[Tue Dec 12 16:10:03 2023]
rule MDScluster:
    input: res/1distanceMatrixFormation.done
    output: res/2MDS+cluster.done
    jobid: 0
    reason: Missing output files: res/2MDS+cluster.done
    resources: tmpdir=/var/folders/qx/45c8cdmd6rx_np70td6hmvhr0000gn/T

[Tue Dec 12 16:10:04 2023]
Error in rule MDScluster:
    jobid: 0
    input: res/1distanceMatrixFormation.done
    output: res/2MDS+cluster.done
    conda-env: /Users/windsorkoh/Desktop/git/snakemake/.snakemake/conda/d8f52d06f2e779619597fb1a66d235af_
    shell:
        python workflow/scripts/2MDS+cluster.py /Users/windsorkoh/Desktop/git/snakemake/data/CLUSTER0/distancearrays
        (one of the commands exited with non-zero exit code; note that snakemake uses bash strict mode!)

Shutting down, this might take some time.
Exiting because a job execution failed. Look above for error message
Complete log: .snakemake/log/2023-12-12T161003.853005.snakemake.log
