Building DAG of jobs...
Retrieving input from storage.
Provided cores: 3
Rules claiming more threads will be scaled down.
Conda environments: ignored
Job stats:
job                        count
-----------------------  -------
distanceMatrixFormation        1
total                          1

Select jobs to execute...
Execute 1 jobs...

[Tue Jan  2 17:06:27 2024]
localrule distanceMatrixFormation:
    output: res/1distanceMatrixFormation.done
    jobid: 0
    reason: Missing output files: res/1distanceMatrixFormation.done
    resources: tmpdir=C:\Users\User\AppData\Local\Temp

[Tue Jan  2 17:06:27 2024]
Error in rule distanceMatrixFormation:
    jobid: 0
    output: res/1distanceMatrixFormation.done
    shell:
        python scripts/1distanceMatrixFormation.py C:/Users/User/OneDrive/Desktop/UROPS/tests/test/msa.fasta --distmeasure Tamura
        (one of the commands exited with non-zero exit code; note that snakemake uses bash strict mode!)

Shutting down, this might take some time.
Exiting because a job execution failed. Look above for error message
Complete log: .snakemake\log\2024-01-02T170626.692411.snakemake.log
WorkflowError:
At least one job did not complete successfully.
