Building DAG of jobs...
Creating conda environment workflow\envs\2MDScluster.yaml...
Downloading and installing remote packages.
Environment for C:\Users\User\OneDrive\Desktop\UROPS\smk\workflow\envs/2MDScluster.yaml created (location: .snakemake\conda\7ca2b965a6d2f8fe8430dd51a6e66495_)
Creating conda environment workflow\envs\5filepartition.yaml...
Downloading and installing remote packages.
Environment for C:\Users\User\OneDrive\Desktop\UROPS\smk\workflow\envs/5filepartition.yaml created (location: .snakemake\conda\f7508bccac84dfc10b52f85df9c95310_)
Provided cores: 4
Rules claiming more threads will be scaled down.
Job stats:
job                        count
-----------------------  -------
MDScluster                     1
distanceMatrixFormation        1
faster                         1
filepartition                  1
seqTrack                       1
total                          5

Select jobs to execute...
Execute 1 jobs...

[Sat Feb  3 22:35:13 2024]
localrule distanceMatrixFormation:
    output: res/1distanceMatrixFormation.done
    jobid: 4
    reason: Missing output files: res/1distanceMatrixFormation.done
    resources: tmpdir=C:\Users\User\AppData\Local\Temp

[Sat Feb  3 22:35:13 2024]
Error in rule distanceMatrixFormation:
    jobid: 4
    output: res/1distanceMatrixFormation.done
    shell:
        python scripts/1distanceMatrixFormation.py C:/Users/User/OneDrive/Desktop/UROPS/tests/newtest/msa.fasta --distmeasure Tamura
        (one of the commands exited with non-zero exit code; note that snakemake uses bash strict mode!)

Shutting down, this might take some time.
Exiting because a job execution failed. Look above for error message
Complete log: .snakemake\log\2024-02-03T223242.085821.snakemake.log
WorkflowError:
At least one job did not complete successfully.
